{"level":"INFO","timestamp":"2025-07-12T00:00:18.521+0300","caller":"go-micro-service/main.go:24","message":"hello"}
{"level":"INFO","timestamp":"2025-07-12T00:00:18.543+0300","caller":"go-micro-service/main.go:43","message":"server started on port","port":"3000"}
{"level":"INFO","timestamp":"2025-07-12T00:00:31.070+0300","caller":"go-micro-service/main.go:51","message":"Shutting down server..."}
{"level":"INFO","timestamp":"2025-07-12T00:00:31.071+0300","caller":"go-micro-service/main.go:58","message":"server sracefully stopped"}
{"level":"INFO","timestamp":"2025-07-12T00:02:17.338+0300","caller":"go-micro-service/main.go:24","message":"hello"}
{"level":"INFO","timestamp":"2025-07-12T00:02:17.361+0300","caller":"go-micro-service/main.go:43","message":"server started on port","port":"3000"}
{"level":"INFO","timestamp":"2025-07-12T00:02:24.568+0300","caller":"go-micro-service/main.go:56","message":"Shutting down server..."}
{"level":"INFO","timestamp":"2025-07-12T00:02:24.569+0300","caller":"go-micro-service/main.go:63","message":"server sracefully stopped"}
{"level":"INFO","timestamp":"2025-07-12T11:24:39.770+0300","caller":"go-micro-service/main.go:24","message":"hello"}
{"level":"INFO","timestamp":"2025-07-12T11:24:39.792+0300","caller":"go-micro-service/main.go:48","message":"server started on port","port":"8080"}
{"level":"INFO","timestamp":"2025-07-12T11:28:02.260+0300","caller":"go-micro-service/main.go:60","message":"Shutting down server..."}
{"level":"INFO","timestamp":"2025-07-12T11:28:02.261+0300","caller":"go-micro-service/main.go:67","message":"server sracefully stopped"}
{"level":"INFO","timestamp":"2025-07-12T11:28:04.142+0300","caller":"go-micro-service/main.go:24","message":"hello"}
{"level":"INFO","timestamp":"2025-07-12T11:28:04.162+0300","caller":"go-micro-service/main.go:48","message":"server started on port","port":"8080"}
{"level":"INFO","timestamp":"2025-07-12T11:46:10.942+0300","caller":"go-micro-service/main.go:36","message":"Hello word"}
{"level":"INFO","timestamp":"2025-07-12T11:46:11.918+0300","caller":"go-micro-service/main.go:36","message":"Hello word"}
{"level":"INFO","timestamp":"2025-07-12T11:46:12.207+0300","caller":"go-micro-service/main.go:36","message":"Hello word"}
{"level":"INFO","timestamp":"2025-07-12T11:46:12.449+0300","caller":"go-micro-service/main.go:36","message":"Hello word"}
{"level":"INFO","timestamp":"2025-07-12T11:46:12.626+0300","caller":"go-micro-service/main.go:36","message":"Hello word"}
{"level":"INFO","timestamp":"2025-07-12T11:46:12.806+0300","caller":"go-micro-service/main.go:36","message":"Hello word"}
{"level":"INFO","timestamp":"2025-07-12T11:46:12.982+0300","caller":"go-micro-service/main.go:36","message":"Hello word"}
{"level":"INFO","timestamp":"2025-07-12T11:46:13.173+0300","caller":"go-micro-service/main.go:36","message":"Hello word"}
{"level":"INFO","timestamp":"2025-07-12T11:46:13.352+0300","caller":"go-micro-service/main.go:36","message":"Hello word"}
{"level":"INFO","timestamp":"2025-07-12T11:46:13.532+0300","caller":"go-micro-service/main.go:36","message":"Hello word"}
{"level":"INFO","timestamp":"2025-07-12T11:46:13.736+0300","caller":"go-micro-service/main.go:36","message":"Hello word"}
{"level":"INFO","timestamp":"2025-07-12T11:46:13.900+0300","caller":"go-micro-service/main.go:36","message":"Hello word"}
{"level":"INFO","timestamp":"2025-07-12T11:46:14.086+0300","caller":"go-micro-service/main.go:36","message":"Hello word"}
{"level":"INFO","timestamp":"2025-07-12T12:13:44.948+0300","caller":"go-micro-service/main.go:60","message":"Shutting down server..."}
{"level":"INFO","timestamp":"2025-07-12T12:13:45.061+0300","caller":"go-micro-service/main.go:67","message":"server sracefully stopped"}
{"level":"INFO","timestamp":"2025-07-12T12:13:47.046+0300","caller":"go-micro-service/main.go:24","message":"hello"}
{"level":"INFO","timestamp":"2025-07-12T12:13:47.067+0300","caller":"go-micro-service/main.go:48","message":"server started on port","port":"8080"}
{"level":"INFO","timestamp":"2025-07-12T12:14:28.376+0300","caller":"go-micro-service/main.go:36","message":"Hello word"}
{"level":"INFO","timestamp":"2025-07-12T12:14:28.547+0300","caller":"go-micro-service/main.go:36","message":"Hello word"}
{"level":"INFO","timestamp":"2025-07-12T12:14:28.718+0300","caller":"go-micro-service/main.go:36","message":"Hello word"}
{"level":"INFO","timestamp":"2025-07-12T12:14:28.915+0300","caller":"go-micro-service/main.go:36","message":"Hello word"}
{"level":"INFO","timestamp":"2025-07-12T12:14:29.104+0300","caller":"go-micro-service/main.go:36","message":"Hello word"}
{"level":"INFO","timestamp":"2025-07-12T12:14:29.334+0300","caller":"go-micro-service/main.go:36","message":"Hello word"}
{"level":"INFO","timestamp":"2025-07-12T12:14:31.100+0300","caller":"go-micro-service/main.go:36","message":"Hello word"}
{"level":"INFO","timestamp":"2025-07-12T12:14:31.358+0300","caller":"go-micro-service/main.go:36","message":"Hello word"}
{"level":"INFO","timestamp":"2025-07-12T12:14:32.373+0300","caller":"go-micro-service/main.go:36","message":"Hello word"}
{"level":"INFO","timestamp":"2025-07-12T12:14:32.594+0300","caller":"go-micro-service/main.go:36","message":"Hello word"}
{"level":"INFO","timestamp":"2025-07-12T12:14:32.772+0300","caller":"go-micro-service/main.go:36","message":"Hello word"}
{"level":"INFO","timestamp":"2025-07-12T12:14:32.942+0300","caller":"go-micro-service/main.go:36","message":"Hello word"}
{"level":"INFO","timestamp":"2025-07-12T12:14:33.115+0300","caller":"go-micro-service/main.go:36","message":"Hello word"}
{"level":"INFO","timestamp":"2025-07-12T12:14:33.286+0300","caller":"go-micro-service/main.go:36","message":"Hello word"}
{"level":"INFO","timestamp":"2025-07-12T12:14:39.150+0300","caller":"go-micro-service/main.go:36","message":"Hello word"}
{"level":"INFO","timestamp":"2025-07-12T12:14:39.316+0300","caller":"go-micro-service/main.go:36","message":"Hello word"}
{"level":"INFO","timestamp":"2025-07-12T12:14:39.472+0300","caller":"go-micro-service/main.go:36","message":"Hello word"}
{"level":"INFO","timestamp":"2025-07-12T12:18:40.272+0300","caller":"go-micro-service/main.go:36","message":"Hello word"}
{"level":"INFO","timestamp":"2025-07-12T12:18:40.431+0300","caller":"go-micro-service/main.go:36","message":"Hello word"}
{"level":"INFO","timestamp":"2025-07-12T12:18:40.603+0300","caller":"go-micro-service/main.go:36","message":"Hello word"}
{"level":"INFO","timestamp":"2025-07-12T12:18:40.766+0300","caller":"go-micro-service/main.go:36","message":"Hello word"}
{"level":"INFO","timestamp":"2025-07-12T12:18:40.921+0300","caller":"go-micro-service/main.go:36","message":"Hello word"}
{"level":"INFO","timestamp":"2025-07-12T12:18:41.086+0300","caller":"go-micro-service/main.go:36","message":"Hello word"}
{"level":"INFO","timestamp":"2025-07-12T12:18:41.248+0300","caller":"go-micro-service/main.go:36","message":"Hello word"}
{"level":"INFO","timestamp":"2025-07-12T12:18:41.412+0300","caller":"go-micro-service/main.go:36","message":"Hello word"}
{"level":"INFO","timestamp":"2025-07-12T12:18:41.577+0300","caller":"go-micro-service/main.go:36","message":"Hello word"}
{"level":"INFO","timestamp":"2025-07-12T12:18:41.742+0300","caller":"go-micro-service/main.go:36","message":"Hello word"}
{"level":"INFO","timestamp":"2025-07-12T12:18:41.915+0300","caller":"go-micro-service/main.go:36","message":"Hello word"}
{"level":"INFO","timestamp":"2025-07-12T12:18:42.097+0300","caller":"go-micro-service/main.go:36","message":"Hello word"}
{"level":"INFO","timestamp":"2025-07-12T12:25:18.621+0300","caller":"go-micro-service/main.go:60","message":"Shutting down server..."}
{"level":"INFO","timestamp":"2025-07-12T12:25:18.625+0300","caller":"go-micro-service/main.go:67","message":"server sracefully stopped"}
{"level":"INFO","timestamp":"2025-07-12T12:25:20.304+0300","caller":"go-micro-service/main.go:24","message":"hello"}
{"level":"INFO","timestamp":"2025-07-12T12:25:20.324+0300","caller":"go-micro-service/main.go:48","message":"server started on port","port":"8080"}
{"level":"INFO","timestamp":"2025-07-12T12:25:33.194+0300","caller":"go-micro-service/main.go:36","message":"Hello word"}
{"level":"INFO","timestamp":"2025-07-12T12:25:33.357+0300","caller":"go-micro-service/main.go:36","message":"Hello word"}
{"level":"INFO","timestamp":"2025-07-12T12:25:33.515+0300","caller":"go-micro-service/main.go:36","message":"Hello word"}
{"level":"INFO","timestamp":"2025-07-12T12:25:33.677+0300","caller":"go-micro-service/main.go:36","message":"Hello word"}
{"level":"INFO","timestamp":"2025-07-12T12:25:33.850+0300","caller":"go-micro-service/main.go:36","message":"Hello word"}
{"level":"INFO","timestamp":"2025-07-12T12:25:34.016+0300","caller":"go-micro-service/main.go:36","message":"Hello word"}
{"level":"INFO","timestamp":"2025-07-12T12:25:34.190+0300","caller":"go-micro-service/main.go:36","message":"Hello word"}
{"level":"INFO","timestamp":"2025-07-12T12:25:34.372+0300","caller":"go-micro-service/main.go:36","message":"Hello word"}
{"level":"INFO","timestamp":"2025-07-12T12:25:34.536+0300","caller":"go-micro-service/main.go:36","message":"Hello word"}
{"level":"INFO","timestamp":"2025-07-12T12:25:34.710+0300","caller":"go-micro-service/main.go:36","message":"Hello word"}
{"level":"INFO","timestamp":"2025-07-12T12:25:34.988+0300","caller":"go-micro-service/main.go:36","message":"Hello word"}
{"level":"INFO","timestamp":"2025-07-12T12:26:25.276+0300","caller":"go-micro-service/main.go:36","message":"Hello word"}
{"level":"INFO","timestamp":"2025-07-12T12:26:25.439+0300","caller":"go-micro-service/main.go:36","message":"Hello word"}
{"level":"INFO","timestamp":"2025-07-12T12:26:25.602+0300","caller":"go-micro-service/main.go:36","message":"Hello word"}
{"level":"INFO","timestamp":"2025-07-12T12:26:25.766+0300","caller":"go-micro-service/main.go:36","message":"Hello word"}
{"level":"INFO","timestamp":"2025-07-12T12:26:25.944+0300","caller":"go-micro-service/main.go:36","message":"Hello word"}
{"level":"INFO","timestamp":"2025-07-12T12:26:26.665+0300","caller":"go-micro-service/main.go:36","message":"Hello word"}
{"level":"INFO","timestamp":"2025-07-12T12:26:26.844+0300","caller":"go-micro-service/main.go:36","message":"Hello word"}
{"level":"INFO","timestamp":"2025-07-12T12:26:27.021+0300","caller":"go-micro-service/main.go:36","message":"Hello word"}
{"level":"INFO","timestamp":"2025-07-12T12:26:27.186+0300","caller":"go-micro-service/main.go:36","message":"Hello word"}
{"level":"INFO","timestamp":"2025-07-12T12:26:27.352+0300","caller":"go-micro-service/main.go:36","message":"Hello word"}
{"level":"INFO","timestamp":"2025-07-12T12:26:27.531+0300","caller":"go-micro-service/main.go:36","message":"Hello word"}
{"level":"INFO","timestamp":"2025-07-12T12:26:27.668+0300","caller":"go-micro-service/main.go:36","message":"Hello word"}
{"level":"INFO","timestamp":"2025-07-12T12:26:27.827+0300","caller":"go-micro-service/main.go:36","message":"Hello word"}
{"level":"INFO","timestamp":"2025-07-12T12:26:27.963+0300","caller":"go-micro-service/main.go:36","message":"Hello word"}
{"level":"INFO","timestamp":"2025-07-12T18:32:39.229+0300","caller":"go-micro-service/main.go:60","message":"Shutting down server..."}
{"level":"INFO","timestamp":"2025-07-12T18:32:39.346+0300","caller":"go-micro-service/main.go:67","message":"server sracefully stopped"}
{"level":"INFO","timestamp":"2025-07-12T18:33:10.357+0300","caller":"go-micro-service/main.go:24","message":"hello"}
{"level":"INFO","timestamp":"2025-07-12T18:33:10.376+0300","caller":"go-micro-service/main.go:48","message":"server started on port","port":"8080"}
{"level":"INFO","timestamp":"2025-07-12T18:33:40.444+0300","caller":"go-micro-service/main.go:36","message":"Hello word"}
{"level":"INFO","timestamp":"2025-07-12T18:33:40.603+0300","caller":"go-micro-service/main.go:36","message":"Hello word"}
{"level":"INFO","timestamp":"2025-07-12T18:33:40.775+0300","caller":"go-micro-service/main.go:36","message":"Hello word"}
{"level":"INFO","timestamp":"2025-07-12T18:33:40.938+0300","caller":"go-micro-service/main.go:36","message":"Hello word"}
{"level":"INFO","timestamp":"2025-07-12T18:33:41.120+0300","caller":"go-micro-service/main.go:36","message":"Hello word"}
{"level":"INFO","timestamp":"2025-07-12T18:33:41.291+0300","caller":"go-micro-service/main.go:36","message":"Hello word"}
{"level":"INFO","timestamp":"2025-07-12T18:33:41.465+0300","caller":"go-micro-service/main.go:36","message":"Hello word"}
{"level":"INFO","timestamp":"2025-07-12T18:33:41.639+0300","caller":"go-micro-service/main.go:36","message":"Hello word"}
{"level":"INFO","timestamp":"2025-07-12T18:33:41.812+0300","caller":"go-micro-service/main.go:36","message":"Hello word"}
{"level":"INFO","timestamp":"2025-07-12T18:33:41.991+0300","caller":"go-micro-service/main.go:36","message":"Hello word"}
{"level":"INFO","timestamp":"2025-07-12T18:33:42.165+0300","caller":"go-micro-service/main.go:36","message":"Hello word"}
{"level":"INFO","timestamp":"2025-07-12T18:33:42.337+0300","caller":"go-micro-service/main.go:36","message":"Hello word"}
{"level":"INFO","timestamp":"2025-07-12T18:33:42.511+0300","caller":"go-micro-service/main.go:36","message":"Hello word"}
{"level":"INFO","timestamp":"2025-07-12T18:33:42.693+0300","caller":"go-micro-service/main.go:36","message":"Hello word"}
{"level":"INFO","timestamp":"2025-07-12T18:33:42.877+0300","caller":"go-micro-service/main.go:36","message":"Hello word"}
{"level":"INFO","timestamp":"2025-07-12T18:33:43.051+0300","caller":"go-micro-service/main.go:36","message":"Hello word"}
{"level":"INFO","timestamp":"2025-07-12T18:33:43.235+0300","caller":"go-micro-service/main.go:36","message":"Hello word"}
{"level":"INFO","timestamp":"2025-07-12T18:33:43.409+0300","caller":"go-micro-service/main.go:36","message":"Hello word"}
{"level":"INFO","timestamp":"2025-07-12T18:33:43.587+0300","caller":"go-micro-service/main.go:36","message":"Hello word"}
{"level":"INFO","timestamp":"2025-07-12T18:33:43.767+0300","caller":"go-micro-service/main.go:36","message":"Hello word"}
{"level":"INFO","timestamp":"2025-07-12T18:33:43.957+0300","caller":"go-micro-service/main.go:36","message":"Hello word"}
{"level":"INFO","timestamp":"2025-07-12T18:33:44.125+0300","caller":"go-micro-service/main.go:36","message":"Hello word"}
{"level":"INFO","timestamp":"2025-07-12T18:33:44.296+0300","caller":"go-micro-service/main.go:36","message":"Hello word"}
{"level":"INFO","timestamp":"2025-07-12T18:33:44.462+0300","caller":"go-micro-service/main.go:36","message":"Hello word"}
{"level":"INFO","timestamp":"2025-07-12T18:33:44.655+0300","caller":"go-micro-service/main.go:36","message":"Hello word"}
{"level":"INFO","timestamp":"2025-07-12T18:33:44.821+0300","caller":"go-micro-service/main.go:36","message":"Hello word"}
{"level":"INFO","timestamp":"2025-07-12T18:33:45.005+0300","caller":"go-micro-service/main.go:36","message":"Hello word"}
{"level":"INFO","timestamp":"2025-07-12T18:33:45.181+0300","caller":"go-micro-service/main.go:36","message":"Hello word"}
{"level":"INFO","timestamp":"2025-07-12T18:33:45.357+0300","caller":"go-micro-service/main.go:36","message":"Hello word"}
{"level":"INFO","timestamp":"2025-07-12T18:33:45.556+0300","caller":"go-micro-service/main.go:36","message":"Hello word"}
{"level":"INFO","timestamp":"2025-07-12T18:33:45.728+0300","caller":"go-micro-service/main.go:36","message":"Hello word"}
{"level":"INFO","timestamp":"2025-07-12T18:33:45.928+0300","caller":"go-micro-service/main.go:36","message":"Hello word"}
{"level":"INFO","timestamp":"2025-07-12T18:33:46.123+0300","caller":"go-micro-service/main.go:36","message":"Hello word"}
{"level":"INFO","timestamp":"2025-07-12T18:33:46.861+0300","caller":"go-micro-service/main.go:36","message":"Hello word"}
{"level":"INFO","timestamp":"2025-07-12T18:33:47.101+0300","caller":"go-micro-service/main.go:36","message":"Hello word"}
{"level":"INFO","timestamp":"2025-07-12T18:33:47.259+0300","caller":"go-micro-service/main.go:36","message":"Hello word"}
{"level":"INFO","timestamp":"2025-07-12T18:33:47.428+0300","caller":"go-micro-service/main.go:36","message":"Hello word"}
{"level":"INFO","timestamp":"2025-07-12T18:33:47.593+0300","caller":"go-micro-service/main.go:36","message":"Hello word"}
{"level":"INFO","timestamp":"2025-07-12T21:13:20.025+0300","caller":"go-micro-service/main.go:60","message":"Shutting down server..."}
{"level":"INFO","timestamp":"2025-07-12T21:13:20.126+0300","caller":"go-micro-service/main.go:67","message":"server sracefully stopped"}
{"level":"INFO","timestamp":"2025-07-14T14:00:32.040+0300","caller":"go-micro-service/main.go:24","message":"hello"}
{"level":"INFO","timestamp":"2025-07-14T14:00:32.059+0300","caller":"go-micro-service/main.go:48","message":"server started on port","port":"8080"}
{"level":"INFO","timestamp":"2025-07-14T14:04:30.891+0300","caller":"go-micro-service/main.go:36","message":"Hello word"}
{"level":"INFO","timestamp":"2025-07-14T14:04:31.067+0300","caller":"go-micro-service/main.go:36","message":"Hello word"}
{"level":"INFO","timestamp":"2025-07-14T14:04:31.260+0300","caller":"go-micro-service/main.go:36","message":"Hello word"}
{"level":"INFO","timestamp":"2025-07-14T14:04:31.467+0300","caller":"go-micro-service/main.go:36","message":"Hello word"}
{"level":"INFO","timestamp":"2025-07-14T14:04:31.648+0300","caller":"go-micro-service/main.go:36","message":"Hello word"}
{"level":"INFO","timestamp":"2025-07-14T14:04:31.825+0300","caller":"go-micro-service/main.go:36","message":"Hello word"}
{"level":"INFO","timestamp":"2025-07-14T14:04:31.989+0300","caller":"go-micro-service/main.go:36","message":"Hello word"}
{"level":"INFO","timestamp":"2025-07-14T14:04:32.146+0300","caller":"go-micro-service/main.go:36","message":"Hello word"}
{"level":"INFO","timestamp":"2025-07-14T14:04:32.300+0300","caller":"go-micro-service/main.go:36","message":"Hello word"}
{"level":"INFO","timestamp":"2025-07-14T14:04:32.463+0300","caller":"go-micro-service/main.go:36","message":"Hello word"}
{"level":"INFO","timestamp":"2025-07-14T14:04:32.619+0300","caller":"go-micro-service/main.go:36","message":"Hello word"}
{"level":"INFO","timestamp":"2025-07-14T14:25:16.665+0300","caller":"go-micro-service/main.go:36","message":"Hello word"}
{"level":"INFO","timestamp":"2025-07-14T14:25:16.820+0300","caller":"go-micro-service/main.go:36","message":"Hello word"}
{"level":"INFO","timestamp":"2025-07-14T14:25:16.951+0300","caller":"go-micro-service/main.go:36","message":"Hello word"}
{"level":"INFO","timestamp":"2025-07-14T14:25:17.089+0300","caller":"go-micro-service/main.go:36","message":"Hello word"}
{"level":"INFO","timestamp":"2025-07-14T14:25:17.244+0300","caller":"go-micro-service/main.go:36","message":"Hello word"}
{"level":"INFO","timestamp":"2025-07-14T14:25:17.395+0300","caller":"go-micro-service/main.go:36","message":"Hello word"}
{"level":"INFO","timestamp":"2025-07-14T14:25:17.541+0300","caller":"go-micro-service/main.go:36","message":"Hello word"}
{"level":"INFO","timestamp":"2025-07-14T14:25:17.671+0300","caller":"go-micro-service/main.go:36","message":"Hello word"}
{"level":"INFO","timestamp":"2025-07-14T15:24:57.435+0300","caller":"go-micro-service/main.go:60","message":"Shutting down server..."}
{"level":"INFO","timestamp":"2025-07-14T15:24:57.539+0300","caller":"go-micro-service/main.go:67","message":"server sracefully stopped"}
{"level":"INFO","timestamp":"2025-07-22T14:58:37.228+0300","caller":"go-micro-service/main.go:54","message":"app starting ..."}
{"level":"INFO","timestamp":"2025-07-22T14:58:37.251+0300","caller":"go-micro-service/main.go:84","message":"server started on port","port":"8080"}
{"level":"INFO","timestamp":"2025-07-22T15:22:52.173+0300","caller":"go-micro-service/main.go:96","message":"Shutting down server..."}
{"level":"INFO","timestamp":"2025-07-22T15:22:52.173+0300","caller":"go-micro-service/main.go:103","message":"server gracefully stopped"}
{"level":"INFO","timestamp":"2025-07-22T15:22:54.770+0300","caller":"go-micro-service/main.go:57","message":"app starting ..."}
{"level":"INFO","timestamp":"2025-07-22T15:22:54.791+0300","caller":"go-micro-service/main.go:83","message":"server started on port","port":"8080"}
{"level":"INFO","timestamp":"2025-07-22T15:42:20.951+0300","caller":"go-micro-service/main.go:95","message":"Shutting down server..."}
{"level":"INFO","timestamp":"2025-07-22T15:42:20.952+0300","caller":"go-micro-service/main.go:102","message":"server gracefully stopped"}
{"level":"INFO","timestamp":"2025-07-25T17:28:36.944+0300","caller":"go-micro-service/main.go:70","message":"app starting ..."}
{"level":"INFO","timestamp":"2025-07-25T17:28:36.979+0300","caller":"go-micro-service/main.go:99","message":"server started on port","port":"8080"}
{"level":"INFO","timestamp":"2025-07-25T17:40:44.126+0300","caller":"go-micro-service/main.go:112","message":"Shutting down server..."}
{"level":"INFO","timestamp":"2025-07-25T17:40:44.128+0300","caller":"go-micro-service/main.go:119","message":"server gracefully stopped"}
{"level":"INFO","timestamp":"2025-07-26T16:31:08.728+0300","caller":"go-micro-service/main.go:71","message":"app starting ..."}
{"level":"FATAL","timestamp":"2025-07-26T16:31:08.770+0300","caller":"couchbase/repository.go:32","message":"failed connect to couchbase","error":"bad scheme","stacktrace":"microservice/infra/couchbase.NewCouchbaseRepository\n\tC:/Users/canbay/Desktop/go-micro-service/infra/couchbase/repository.go:32\nmain.main\n\tC:/Users/canbay/Desktop/go-micro-service/main.go:73\nruntime.main\n\tC:/Program Files/Go/src/runtime/proc.go:283"}
{"level":"INFO","timestamp":"2025-07-26T16:36:45.547+0300","caller":"go-micro-service/main.go:71","message":"app starting ..."}
{"level":"FATAL","timestamp":"2025-07-26T16:36:45.596+0300","caller":"couchbase/repository.go:32","message":"failed connect to couchbase","error":"bad scheme","stacktrace":"microservice/infra/couchbase.NewCouchbaseRepository\n\tC:/Users/canbay/Desktop/go-micro-service/infra/couchbase/repository.go:32\nmain.main\n\tC:/Users/canbay/Desktop/go-micro-service/main.go:73\nruntime.main\n\tC:/Program Files/Go/src/runtime/proc.go:283"}
{"level":"INFO","timestamp":"2025-07-26T16:37:39.486+0300","caller":"go-micro-service/main.go:71","message":"app starting ..."}
{"level":"INFO","timestamp":"2025-07-26T16:37:42.566+0300","caller":"go-micro-service/main.go:104","message":"server started on port","port":"8080"}
{"level":"INFO","timestamp":"2025-07-26T16:42:07.993+0300","caller":"go-micro-service/main.go:117","message":"Shutting down server..."}
{"level":"INFO","timestamp":"2025-07-26T16:42:07.996+0300","caller":"go-micro-service/main.go:124","message":"server gracefully stopped"}
{"level":"INFO","timestamp":"2025-07-26T16:42:12.171+0300","caller":"go-micro-service/main.go:72","message":"app starting ..."}
{"level":"INFO","timestamp":"2025-07-26T16:42:15.240+0300","caller":"go-micro-service/main.go:105","message":"server started on port","port":"8080"}
{"level":"ERROR","timestamp":"2025-07-26T16:42:55.408+0300","caller":"go-micro-service/main.go:59","message":"failed to request","error":"request canceled","stacktrace":"main.main.Handle[...].func5\n\tC:/Users/canbay/Desktop/go-micro-service/main.go:59\ngithub.com/gofiber/fiber/v3.(*App).next\n\tC:/Users/canbay/go/pkg/mod/github.com/gofiber/fiber/v3@v3.0.0-beta.4/router.go:199\ngithub.com/gofiber/fiber/v3.(*App).defaultRequestHandler\n\tC:/Users/canbay/go/pkg/mod/github.com/gofiber/fiber/v3@v3.0.0-beta.4/router.go:236\ngithub.com/valyala/fasthttp.(*Server).serveConn\n\tC:/Users/canbay/go/pkg/mod/github.com/valyala/fasthttp@v1.63.0/server.go:2455\ngithub.com/valyala/fasthttp.(*workerPool).workerFunc\n\tC:/Users/canbay/go/pkg/mod/github.com/valyala/fasthttp@v1.63.0/workerpool.go:225\ngithub.com/valyala/fasthttp.(*workerPool).getCh.func1\n\tC:/Users/canbay/go/pkg/mod/github.com/valyala/fasthttp@v1.63.0/workerpool.go:197"}
{"level":"INFO","timestamp":"2025-07-26T17:21:40.825+0300","caller":"go-micro-service/main.go:118","message":"Shutting down server..."}
{"level":"INFO","timestamp":"2025-07-26T17:21:40.826+0300","caller":"go-micro-service/main.go:125","message":"server gracefully stopped"}
{"level":"INFO","timestamp":"2025-07-26T17:25:31.736+0300","caller":"go-micro-service/main.go:72","message":"app starting ..."}
{"level":"INFO","timestamp":"2025-07-26T17:25:34.766+0300","caller":"go-micro-service/main.go:105","message":"server started on port","port":"8080"}
{"level":"ERROR","timestamp":"2025-07-26T17:25:49.347+0300","caller":"go-micro-service/main.go:59","message":"failed to request","error":"request canceled","stacktrace":"main.main.Handle[...].func5\n\tC:/Users/canbay/Desktop/go-micro-service/main.go:59\ngithub.com/gofiber/fiber/v3.(*App).next\n\tC:/Users/canbay/go/pkg/mod/github.com/gofiber/fiber/v3@v3.0.0-beta.4/router.go:199\ngithub.com/gofiber/fiber/v3.(*App).defaultRequestHandler\n\tC:/Users/canbay/go/pkg/mod/github.com/gofiber/fiber/v3@v3.0.0-beta.4/router.go:236\ngithub.com/valyala/fasthttp.(*Server).serveConn\n\tC:/Users/canbay/go/pkg/mod/github.com/valyala/fasthttp@v1.63.0/server.go:2455\ngithub.com/valyala/fasthttp.(*workerPool).workerFunc\n\tC:/Users/canbay/go/pkg/mod/github.com/valyala/fasthttp@v1.63.0/workerpool.go:225\ngithub.com/valyala/fasthttp.(*workerPool).getCh.func1\n\tC:/Users/canbay/go/pkg/mod/github.com/valyala/fasthttp@v1.63.0/workerpool.go:197"}
{"level":"INFO","timestamp":"2025-07-26T17:26:06.148+0300","caller":"go-micro-service/main.go:118","message":"Shutting down server..."}
{"level":"INFO","timestamp":"2025-07-26T17:26:06.249+0300","caller":"go-micro-service/main.go:125","message":"server gracefully stopped"}
{"level":"INFO","timestamp":"2025-07-26T17:26:08.807+0300","caller":"go-micro-service/main.go:72","message":"app starting ..."}
{"level":"INFO","timestamp":"2025-07-26T17:26:08.889+0300","caller":"go-micro-service/main.go:105","message":"server started on port","port":"8080"}
{"level":"ERROR","timestamp":"2025-07-26T17:26:23.203+0300","caller":"go-micro-service/main.go:59","message":"failed to request","error":"request canceled","stacktrace":"main.main.Handle[...].func5\n\tC:/Users/canbay/Desktop/go-micro-service/main.go:59\ngithub.com/gofiber/fiber/v3.(*App).next\n\tC:/Users/canbay/go/pkg/mod/github.com/gofiber/fiber/v3@v3.0.0-beta.4/router.go:199\ngithub.com/gofiber/fiber/v3.(*App).defaultRequestHandler\n\tC:/Users/canbay/go/pkg/mod/github.com/gofiber/fiber/v3@v3.0.0-beta.4/router.go:236\ngithub.com/valyala/fasthttp.(*Server).serveConn\n\tC:/Users/canbay/go/pkg/mod/github.com/valyala/fasthttp@v1.63.0/server.go:2455\ngithub.com/valyala/fasthttp.(*workerPool).workerFunc\n\tC:/Users/canbay/go/pkg/mod/github.com/valyala/fasthttp@v1.63.0/workerpool.go:225\ngithub.com/valyala/fasthttp.(*workerPool).getCh.func1\n\tC:/Users/canbay/go/pkg/mod/github.com/valyala/fasthttp@v1.63.0/workerpool.go:197"}
{"level":"INFO","timestamp":"2025-07-26T17:27:00.922+0300","caller":"go-micro-service/main.go:118","message":"Shutting down server..."}
{"level":"INFO","timestamp":"2025-07-26T17:27:01.022+0300","caller":"go-micro-service/main.go:125","message":"server gracefully stopped"}
{"level":"INFO","timestamp":"2025-07-26T17:27:04.286+0300","caller":"go-micro-service/main.go:72","message":"app starting ..."}
{"level":"INFO","timestamp":"2025-07-26T17:27:04.373+0300","caller":"go-micro-service/main.go:105","message":"server started on port","port":"8080"}
{"level":"INFO","timestamp":"2025-07-26T17:28:26.275+0300","caller":"go-micro-service/main.go:118","message":"Shutting down server..."}
{"level":"INFO","timestamp":"2025-07-26T17:28:26.375+0300","caller":"go-micro-service/main.go:125","message":"server gracefully stopped"}
{"level":"INFO","timestamp":"2025-07-26T17:28:27.437+0300","caller":"go-micro-service/main.go:72","message":"app starting ..."}
{"level":"INFO","timestamp":"2025-07-26T17:28:27.530+0300","caller":"go-micro-service/main.go:105","message":"server started on port","port":"8080"}
{"level":"ERROR","timestamp":"2025-07-26T17:28:34.212+0300","caller":"go-micro-service/main.go:59","message":"failed to request","error":"request canceled","stacktrace":"main.main.Handle[...].func5\n\tC:/Users/canbay/Desktop/go-micro-service/main.go:59\ngithub.com/gofiber/fiber/v3.(*App).next\n\tC:/Users/canbay/go/pkg/mod/github.com/gofiber/fiber/v3@v3.0.0-beta.4/router.go:199\ngithub.com/gofiber/fiber/v3.(*App).defaultRequestHandler\n\tC:/Users/canbay/go/pkg/mod/github.com/gofiber/fiber/v3@v3.0.0-beta.4/router.go:236\ngithub.com/valyala/fasthttp.(*Server).serveConn\n\tC:/Users/canbay/go/pkg/mod/github.com/valyala/fasthttp@v1.63.0/server.go:2455\ngithub.com/valyala/fasthttp.(*workerPool).workerFunc\n\tC:/Users/canbay/go/pkg/mod/github.com/valyala/fasthttp@v1.63.0/workerpool.go:225\ngithub.com/valyala/fasthttp.(*workerPool).getCh.func1\n\tC:/Users/canbay/go/pkg/mod/github.com/valyala/fasthttp@v1.63.0/workerpool.go:197"}
{"level":"INFO","timestamp":"2025-07-26T17:31:07.057+0300","caller":"go-micro-service/main.go:118","message":"Shutting down server..."}
{"level":"INFO","timestamp":"2025-07-26T17:31:07.158+0300","caller":"go-micro-service/main.go:125","message":"server gracefully stopped"}
{"level":"INFO","timestamp":"2025-07-26T17:31:09.485+0300","caller":"go-micro-service/main.go:72","message":"app starting ..."}
{"level":"INFO","timestamp":"2025-07-26T17:31:09.569+0300","caller":"go-micro-service/main.go:105","message":"server started on port","port":"8080"}
{"level":"ERROR","timestamp":"2025-07-26T17:31:39.537+0300","caller":"go-micro-service/main.go:59","message":"failed to request","error":"document exists | {\"status_code\":2,\"document_id\":\"1234\",\"bucket\":\"products\",\"scope\":\"_default\",\"collection\":\"_default\",\"error_name\":\"KEY_EEXISTS\",\"error_description\":\"key already exists, or CAS mismatch\",\"opaque\":12,\"last_dispatched_to\":\"127.0.0.1:11210\",\"last_dispatched_from\":\"127.0.0.1:57568\",\"last_connection_id\":\"eaf345a57aa73768/5d7cbc6e438a7f13\"}","stacktrace":"main.main.Handle[...].func5\n\tC:/Users/canbay/Desktop/go-micro-service/main.go:59\ngithub.com/gofiber/fiber/v3.(*App).next\n\tC:/Users/canbay/go/pkg/mod/github.com/gofiber/fiber/v3@v3.0.0-beta.4/router.go:199\ngithub.com/gofiber/fiber/v3.(*App).defaultRequestHandler\n\tC:/Users/canbay/go/pkg/mod/github.com/gofiber/fiber/v3@v3.0.0-beta.4/router.go:236\ngithub.com/valyala/fasthttp.(*Server).serveConn\n\tC:/Users/canbay/go/pkg/mod/github.com/valyala/fasthttp@v1.63.0/server.go:2455\ngithub.com/valyala/fasthttp.(*workerPool).workerFunc\n\tC:/Users/canbay/go/pkg/mod/github.com/valyala/fasthttp@v1.63.0/workerpool.go:225\ngithub.com/valyala/fasthttp.(*workerPool).getCh.func1\n\tC:/Users/canbay/go/pkg/mod/github.com/valyala/fasthttp@v1.63.0/workerpool.go:197"}
{"level":"ERROR","timestamp":"2025-07-26T17:31:39.790+0300","caller":"go-micro-service/main.go:59","message":"failed to request","error":"document exists | {\"status_code\":2,\"document_id\":\"1234\",\"bucket\":\"products\",\"scope\":\"_default\",\"collection\":\"_default\",\"error_name\":\"KEY_EEXISTS\",\"error_description\":\"key already exists, or CAS mismatch\",\"opaque\":13,\"last_dispatched_to\":\"127.0.0.1:11210\",\"last_dispatched_from\":\"127.0.0.1:57568\",\"last_connection_id\":\"eaf345a57aa73768/5d7cbc6e438a7f13\"}","stacktrace":"main.main.Handle[...].func5\n\tC:/Users/canbay/Desktop/go-micro-service/main.go:59\ngithub.com/gofiber/fiber/v3.(*App).next\n\tC:/Users/canbay/go/pkg/mod/github.com/gofiber/fiber/v3@v3.0.0-beta.4/router.go:199\ngithub.com/gofiber/fiber/v3.(*App).defaultRequestHandler\n\tC:/Users/canbay/go/pkg/mod/github.com/gofiber/fiber/v3@v3.0.0-beta.4/router.go:236\ngithub.com/valyala/fasthttp.(*Server).serveConn\n\tC:/Users/canbay/go/pkg/mod/github.com/valyala/fasthttp@v1.63.0/server.go:2455\ngithub.com/valyala/fasthttp.(*workerPool).workerFunc\n\tC:/Users/canbay/go/pkg/mod/github.com/valyala/fasthttp@v1.63.0/workerpool.go:225\ngithub.com/valyala/fasthttp.(*workerPool).getCh.func1\n\tC:/Users/canbay/go/pkg/mod/github.com/valyala/fasthttp@v1.63.0/workerpool.go:197"}
